Apps/Driver/New Owners/build/app/outputs/mapping/release/seeds.txt
online.edentech.fuodzdeliveryboy.MainActivity: MainActivity()
online.edentech.fuodzdeliveryboy.MainActivity
...
me.carda.awesome_notifications.notifications.enumerators.GroupSort: me.carda.awesome_notifications.notifications.enumerators.GroupSort[] values()
com.google.firestore.v1.Value$ValueTypeCase: com.google.firestore.v1.Value$ValueTypeCase[] values()
kotlinx.coroutines.NodeList
com.pichillilorenzo.flutter_inappwebview.in_app_webview.InAppWebViewClient$5: int val$threatType
com.github.florent37.assets_audio_player.notification.CustomMediaButtonReceiver: void onReceive(android.content.Context,android.content.Intent)
com.google.android.gms.location.LocationSettingsRequest: android.os.Parcelable$Creator CREATOR
com.pichillilorenzo.flutter_inappwebview.InAppWebViewMethodHandler$1
com.pichillilorenzo.flutter_inappwebview.in_app_webview.InAppWebViewChromeClient$9
com.pichillilorenzo.flutter_inappwebview.R$attr: int popupWindowStyle
com.pichillilorenzo.flutter_inappwebview.in_app_webview.InAppWebView$15: com.pichillilorenzo.flutter_inappwebview.in_app_webview.InAppWebView this$0
com.pichillilorenzo.flutter_inappwebview.R$style: int Widget_AppCompat_ListView
com.pichillilorenzo.flutter_inappwebview.in_app_webview.InAppWebViewClient$6: android.os.Message val$resend
com.pichillilorenzo.flutter_inappwebview.pull_to_refresh.PullToRefreshOptions: java.lang.Boolean enabled
com.pichillilorenzo.flutter_inappwebview.credential_database.URLCredentialDao: com.pichillilorenzo.flutter_inappwebview.types.URLCredential find(java.lang.String,java.lang.String,java.lang.Long)
com.google.android.gms.internal.firebase-auth-api.zzhs: com.google.android.gms.internal.firebase-auth-api.zzhs zzb
com.pichillilorenzo.flutter_inappwebview.in_app_webview.InAppWebViewOptions: java.lang.String appCachePath
androidx.window.layout.SidecarAdapter$Companion: void setSidecarDisplayFeatures(androidx.window.sidecar.SidecarWindowLayoutInfo,java.util.List)
com.pichillilorenzo.flutter_inappwebview.R$attr: int switchTextAppearance
androidx.window.embedding.ActivityRule: ActivityRule(java.util.Set,boolean)
io.flutter.plugins.GeneratedPluginRegistrant: java.lang.String TAG
androidx.window.layout.WindowInfoTracker: kotlinx.coroutines.flow.Flow windowLayoutInfo(android.app.Activity)
com.google.firestore.v1.WriteResult: com.google.protobuf.Parser PARSER
com.google.firebase.firestore.proto.WriteBatch: int batchId_
io.flutter.embedding.android.FlutterSplashView$SavedState
androidx.window.layout.WindowInfoTrackerImpl$windowLayoutInfo$1: android.app.Activity $activity
io.grpc.okhttp.internal.framed.HeadersMode: io.grpc.okhttp.internal.framed.HeadersMode[] values()
com.google.firebase.firestore.model.MutableDocument$DocumentState: com.google.firebase.firestore.model.MutableDocument$DocumentState[] values()
com.pichillilorenzo.flutter_inappwebview.in_app_webview.InAppWebView$6
androidx.lifecycle.DefaultLifecycleObserver
com.pichillilorenzo.flutter_inappwebview.types.WebMessageListener: androidx.webkit.JavaScriptReplyProxy replyProxy
com.pichillilorenzo.flutter_inappwebview.in_app_webview.FlutterWebView: void dispose()
androidx.window.layout.HardwareFoldingFeature: androidx.window.layout.FoldingFeature$State getState()
com.pichillilorenzo.flutter_inappwebview.chrome_custom_tabs.ChromeCustomTabsOptions: java.lang.Boolean keepAliveEnabled
androidx.appcompat.widget.AppCompatTextView: void setSupportBackgroundTintList(android.content.res.ColorStateList)
com.pichillilorenzo.flutter_inappwebview.R$anim: int abc_shrink_fade_out_from_bottom
com.google.firestore.v1.DocumentDelete: com.google.protobuf.Internal$IntList removedTargetIds_
com.pichillilorenzo.flutter_inappwebview.ServiceWorkerManager: java.lang.String LOG_TAG
com.google.android.gms.internal.location.zzm: android.os.Parcelable$Creator CREATOR
com.pichillilorenzo.flutter_inappwebview.in_app_webview.InAppWebViewClient: void access$701(com.pichillilorenzo.flutter_inappwebview.in_app_webview.InAppWebViewClient,android.webkit.WebView,android.webkit.ClientCertRequest)