Apps/Driver/New Owners/build/app/outputs/mapping/release/usage.txt
online.edentech.fuodzdeliveryboy.R$attr
online.edentech.fuodzdeliveryboy.R
online.edentech.fuodzdeliveryboy.R$string
online.edentech.fuodzdeliveryboy.R$bool
online.edentech.fuodzdeliveryboy.R$menu
online.edentech.fuodzdeliveryboy.R$styleable
online.edentech.fuodzdeliveryboy.R$interpolator
online.edentech.fuodzdeliveryboy.R$font
online.edentech.fuodzdeliveryboy.R$mipmap
online.edentech.fuodzdeliveryboy.BuildConfig
online.edentech.fuodzdeliveryboy.R$animator
online.edentech.fuodzdeliveryboy.R$raw
online.edentech.fuodzdeliveryboy.R$dimen
online.edentech.fuodzdeliveryboy.R$xml
online.edentech.fuodzdeliveryboy.R$integer
online.edentech.fuodzdeliveryboy.R$id
online.edentech.fuodzdeliveryboy.R$anim
online.edentech.fuodzdeliveryboy.R$layout
online.edentech.fuodzdeliveryboy.R$plurals
online.edentech.fuodzdeliveryboy.R$style
online.edentech.fuodzdeliveryboy.R$color
online.edentech.fuodzdeliveryboy.R$drawable
online.edentech.fuodzdeliveryboy.R$array
...
androidx.loader.app.LoaderManagerImpl$LoaderInfo:
    androidx.loader.content.Loader getLoader()
com.bumptech.glide.RequestBuilder:
    private final com.bumptech.glide.Glide glide
    protected static final com.bumptech.glide.request.RequestOptions DOWNLOAD_ONLY_OPTIONS
com.bumptech.glide.load.resource.bitmap.DownsampleStrategy$AtMost
com.google.android.gms.internal.safetynet.zzk:
    public void <init>()
    private static final java.lang.String TAG
androidx.core.provider.CallbackWithHandler$2:
    final synthetic androidx.core.provider.CallbackWithHandler this$0
com.google.android.exoplayer2.Timeline$Window:
    private static com.google.android.exoplayer2.Timeline$Window fromBundle(android.os.Bundle)
    private static java.lang.String keyForField(int)
    public static synthetic com.google.android.exoplayer2.Timeline$Window lambda$DwPhLG2u8bNdNcFO2XKtY2D8gVM(android.os.Bundle)
io.grpc.okhttp.internal.Util:
    public static final byte[] EMPTY_BYTE_ARRAY
com.google.gson.internal.ConstructorConstructor$9:
    final synthetic com.google.gson.internal.ConstructorConstructor this$0
com.google.protobuf.JavaType:
    private final java.lang.Class type
androidx.fragment.app.Fragment$3:
    final synthetic androidx.fragment.app.Fragment this$0
androidx.core.content.res.CamColor:
    private final float mQ
    private final float mM
    private final float mS
com.google.android.exoplayer2.text.Cue:
    private static final com.google.android.exoplayer2.text.Cue fromBundle(android.os.Bundle)
    private static java.lang.String keyForField(int)
    public static synthetic com.google.android.exoplayer2.text.Cue lambda$o3x3kjwGDIu2jZovhv4J976cJFc(android.os.Bundle)
    public static final com.google.android.exoplayer2.Bundleable$Creator CREATOR
com.google.android.exoplayer2.source.hls.playlist.HlsPlaylistTracker$PlaylistStuckException:
    public final android.net.Uri url
com.bumptech.glide.manager.SingletonConnectivityReceiver$1:
    final synthetic com.bumptech.glide.manager.SingletonConnectivityReceiver this$0
com.google.android.exoplayer2.source.ads.AdsMediaSource$ComponentListener:
    private volatile boolean stopped
    final synthetic com.google.android.exoplayer2.source.ads.AdsMediaSource this$0
io.grpc.internal.CallCredentialsApplyingTransportFactory$CallCredentialsApplyingTransport$2:
    final synthetic io.grpc.MethodDescriptor val$method
    final synthetic io.grpc.CallOptions val$callOptions
    final synthetic io.grpc.internal.CallCredentialsApplyingTransportFactory$CallCredentialsApplyingTransport this$1
com.google.firebase.crashlytics.internal.metadata.QueueFile$1:
    final synthetic com.google.firebase.crashlytics.internal.metadata.QueueFile this$0
com.google.android.gms.internal.firebase-auth-api.zzzu:
    private final java.lang.Class zzl
io.grpc.internal.CallCredentialsApplyingTransportFactory$CallCredentialsApplyingTransport:
    private final java.lang.String authority
androidx.core.view.ContentInfoCompat
com.google.android.gms.internal.firebase-auth-api.zzdu:
    final synthetic com.google.android.gms.internal.firebase-auth-api.zzdv zza
com.google.android.gms.common.GoogleApiAvailability:
    public static final int GOOGLE_PLAY_SERVICES_VERSION_CODE
com.google.zxing.Result:
    private final int numBits
    private final long timestamp
androidx.recyclerview.widget.RecyclerView$1
androidx.core.graphics.TypefaceCompatBaseImpl$2:
    final synthetic androidx.core.graphics.TypefaceCompatBaseImpl this$0
com.google.common.reflect.Types$JavaVersion$5
io.perfmark.Link:
    final long linkId
com.journeyapps.barcodescanner.camera.FitXYStrategy:
    private static final java.lang.String TAG
com.google.zxing.qrcode.decoder.Mode:
    private final int bits
com.bumptech.glide.load.resource.bitmap.DownsampleStrategy$CenterInside